info: ::1 - - [18/May/2022:04:58:40 +0000] "GET /api/v1/users/getall HTTP/1.1" 200 476 "-" "PostmanRuntime/7.29.0"

info: ::1 - - [18/May/2022:04:59:45 +0000] "POST /api/v1/users/ HTTP/1.1" 201 194 "-" "PostmanRuntime/7.29.0"

info: ::1 - - [18/May/2022:05:00:44 +0000] "PUT /api/v1/users/62847d41798b02153c7f46e6 HTTP/1.1" 202 200 "-" "PostmanRuntime/7.29.0"

info: ::1 - - [18/May/2022:05:02:02 +0000] "PUT /api/v1/users/62847d41798b02153c7f46e6 HTTP/1.1" 202 207 "-" "PostmanRuntime/7.29.0"

info: ::1 - - [18/May/2022:05:03:53 +0000] "PUT /api/v1/users/62847d41798b02153c7f46e6 HTTP/1.1" 202 207 "-" "PostmanRuntime/7.29.0"

info: ::1 - - [18/May/2022:05:04:11 +0000] "POST /api/v1/users/ HTTP/1.1" 201 178 "-" "PostmanRuntime/7.29.0"

info: ::1 - - [18/May/2022:05:04:51 +0000] "POST /api/v1/users/ HTTP/1.1" 201 191 "-" "PostmanRuntime/7.29.0"

info: ::1 - - [18/May/2022:05:06:44 +0000] "POST /api/v1/users/ HTTP/1.1" 201 197 "-" "PostmanRuntime/7.29.0"

info: ::1 - - [18/May/2022:05:07:07 +0000] "DELETE /api/v1/users/62836a1ba702e409fcd0c115 HTTP/1.1" 200 60 "-" "PostmanRuntime/7.29.0"

info: ::1 - - [18/May/2022:05:07:56 +0000] "DELETE /api/v1/users/62847e4b798b02153c7f46eb HTTP/1.1" 200 60 "-" "PostmanRuntime/7.29.0"

info: ::1 - - [18/May/2022:05:10:51 +0000] "POST /api/v1/users HTTP/1.1" 404 47 "-" "PostmanRuntime/7.29.0"

info: ::1 - - [18/May/2022:05:11:16 +0000] "POST /api/v1/users HTTP/1.1" 404 47 "-" "PostmanRuntime/7.29.0"

info: ::1 - - [18/May/2022:05:12:38 +0000] "POST /api/v1/users/education HTTP/1.1" 201 178 "-" "PostmanRuntime/7.29.0"

info: ::1 - - [18/May/2022:05:13:22 +0000] "POST /api/v1/users/education HTTP/1.1" 201 178 "-" "PostmanRuntime/7.29.0"

info: ::1 - - [18/May/2022:05:14:30 +0000] "POST /api/v1/users/getall HTTP/1.1" 404 47 "-" "PostmanRuntime/7.29.0"

info: ::1 - - [18/May/2022:05:15:28 +0000] "POST /api/v1/users/getall HTTP/1.1" 404 47 "-" "PostmanRuntime/7.29.0"

info: ::1 - - [18/May/2022:05:15:37 +0000] "GET /api/v1/users/getall HTTP/1.1" 200 1004 "-" "PostmanRuntime/7.29.0"

info: ::1 - - [18/May/2022:05:16:34 +0000] "PUT /api/v1/users/getall/62847d41798b02153c7f46e6 HTTP/1.1" 404 47 "-" "PostmanRuntime/7.29.0"

info: ::1 - - [18/May/2022:05:16:51 +0000] "PUT /api/v1/users/62847d41798b02153c7f46e6 HTTP/1.1" 202 200 "-" "PostmanRuntime/7.29.0"

info: ::1 - - [18/May/2022:05:17:04 +0000] "GET /api/v1/users/getall HTTP/1.1" 200 997 "-" "PostmanRuntime/7.29.0"

info: ::1 - - [18/May/2022:05:18:25 +0000] "GET /api/v1/users/alldata HTTP/1.1" 200 997 "-" "PostmanRuntime/7.29.0"

info: ::1 - - [18/May/2022:05:19:11 +0000] "DELETE /api/v1/users/6284807212125626941952d6 HTTP/1.1" 200 60 "-" "PostmanRuntime/7.29.0"

info: ::1 - - [18/May/2022:05:19:22 +0000] "DELETE /api/v1/users/alldata HTTP/1.1" 500 129 "-" "PostmanRuntime/7.29.0"

info: ::1 - - [18/May/2022:05:19:28 +0000] "GET /api/v1/users/alldata HTTP/1.1" 200 876 "-" "PostmanRuntime/7.29.0"

info: ::1 - - [18/May/2022:05:22:30 +0000] "GET /api/v1/users/ HTTP/1.1" 200 876 "-" "PostmanRuntime/7.29.0"

info: ::1 - - [18/May/2022:05:22:58 +0000] "POST /api/v1/users/ HTTP/1.1" 201 198 "-" "PostmanRuntime/7.29.0"

info: ::1 - - [18/May/2022:05:23:23 +0000] "GET /api/v1/users/ HTTP/1.1" 200 1017 "-" "PostmanRuntime/7.29.0"

info: ::1 - - [18/May/2022:05:24:34 +0000] "POST /api/v1/users/add HTTP/1.1" 201 201 "-" "PostmanRuntime/7.29.0"

info: ::1 - - [18/May/2022:05:25:05 +0000] "POST /api/v1/users/alldata HTTP/1.1" 404 47 "-" "PostmanRuntime/7.29.0"

info: ::1 - - [18/May/2022:05:25:18 +0000] "GET /api/v1/users/alldata HTTP/1.1" 200 1161 "-" "PostmanRuntime/7.29.0"

info: ::1 - - [18/May/2022:05:33:34 +0000] "GET /api/v1/users/62847ee4798b02153c7f46ef HTTP/1.1" 200 197 "-" "PostmanRuntime/7.29.0"

