info: Server started at http://localhost:3000/api/v1/ {"timestamp":"2022-05-18T04:57:47.120Z"}
info: Connected to the database. {"timestamp":"2022-05-18T04:57:47.151Z"}
error: 
    status - 500 
    message - SyntaxError: Unexpected string in JSON at position 20
    at JSON.parse (<anonymous>)
    at parse (D:\project\practice-project\node_modules\body-parser\lib\types\json.js:89:19)
    at D:\project\practice-project\node_modules\body-parser\lib\read.js:128:18
    at AsyncResource.runInAsyncScope (node:async_hooks:201:9)
    at invokeCallback (D:\project\practice-project\node_modules\raw-body\index.js:231:16)
    at done (D:\project\practice-project\node_modules\raw-body\index.js:220:7)
    at IncomingMessage.onEnd (D:\project\practice-project\node_modules\raw-body\index.js:280:7)
    at IncomingMessage.emit (node:events:538:35)
    at IncomingMessage.emit (node:domain:475:12)
    at endReadableNT (node:internal/streams/readable:1345:12)
    at processTicksAndRejections (node:internal/process/task_queues:83:21) 
    url - /api/v1/users/62847d41798b02153c7f46e6 
    method - PUT 
    IP - ::1
   {"timestamp":"2022-05-18T05:01:11.716Z"}
error: 
    status - 500 
    message - SyntaxError: Unexpected string in JSON at position 20
    at JSON.parse (<anonymous>)
    at parse (D:\project\practice-project\node_modules\body-parser\lib\types\json.js:89:19)
    at D:\project\practice-project\node_modules\body-parser\lib\read.js:128:18
    at AsyncResource.runInAsyncScope (node:async_hooks:201:9)
    at invokeCallback (D:\project\practice-project\node_modules\raw-body\index.js:231:16)
    at done (D:\project\practice-project\node_modules\raw-body\index.js:220:7)
    at IncomingMessage.onEnd (D:\project\practice-project\node_modules\raw-body\index.js:280:7)
    at IncomingMessage.emit (node:events:538:35)
    at IncomingMessage.emit (node:domain:475:12)
    at endReadableNT (node:internal/streams/readable:1345:12)
    at processTicksAndRejections (node:internal/process/task_queues:83:21) 
    url - /api/v1/users/62847d41798b02153c7f46e6 
    method - PUT 
    IP - ::1
   {"timestamp":"2022-05-18T05:01:27.066Z"}
error: 
    status - 500 
    message - SyntaxError: Unexpected string in JSON at position 20
    at JSON.parse (<anonymous>)
    at parse (D:\project\practice-project\node_modules\body-parser\lib\types\json.js:89:19)
    at D:\project\practice-project\node_modules\body-parser\lib\read.js:128:18
    at AsyncResource.runInAsyncScope (node:async_hooks:201:9)
    at invokeCallback (D:\project\practice-project\node_modules\raw-body\index.js:231:16)
    at done (D:\project\practice-project\node_modules\raw-body\index.js:220:7)
    at IncomingMessage.onEnd (D:\project\practice-project\node_modules\raw-body\index.js:280:7)
    at IncomingMessage.emit (node:events:538:35)
    at IncomingMessage.emit (node:domain:475:12)
    at endReadableNT (node:internal/streams/readable:1345:12)
    at processTicksAndRejections (node:internal/process/task_queues:83:21) 
    url - /api/v1/users/62847d41798b02153c7f46e6 
    method - PUT 
    IP - ::1
   {"timestamp":"2022-05-18T05:01:36.966Z"}
error: 
    status - 500 
    message - SyntaxError: Unexpected string in JSON at position 22
    at JSON.parse (<anonymous>)
    at parse (D:\project\practice-project\node_modules\body-parser\lib\types\json.js:89:19)
    at D:\project\practice-project\node_modules\body-parser\lib\read.js:128:18
    at AsyncResource.runInAsyncScope (node:async_hooks:201:9)
    at invokeCallback (D:\project\practice-project\node_modules\raw-body\index.js:231:16)
    at done (D:\project\practice-project\node_modules\raw-body\index.js:220:7)
    at IncomingMessage.onEnd (D:\project\practice-project\node_modules\raw-body\index.js:280:7)
    at IncomingMessage.emit (node:events:538:35)
    at IncomingMessage.emit (node:domain:475:12)
    at endReadableNT (node:internal/streams/readable:1345:12)
    at processTicksAndRejections (node:internal/process/task_queues:83:21) 
    url - /api/v1/users/ 
    method - POST 
    IP - ::1
   {"timestamp":"2022-05-18T05:06:16.199Z"}
info: Server started at http://localhost:3000/api/v1/ {"timestamp":"2022-05-18T05:09:44.879Z"}
info: Connected to the database. {"timestamp":"2022-05-18T05:09:44.903Z"}
info: Server started at http://localhost:3000/api/v1/ {"timestamp":"2022-05-18T05:11:11.295Z"}
info: Connected to the database. {"timestamp":"2022-05-18T05:11:11.313Z"}
info: Server started at http://localhost:3000/api/v1/ {"timestamp":"2022-05-18T05:14:01.571Z"}
info: Connected to the database. {"timestamp":"2022-05-18T05:14:01.596Z"}
info: Server started at http://localhost:3000/api/v1/ {"timestamp":"2022-05-18T05:17:37.373Z"}
info: Connected to the database. {"timestamp":"2022-05-18T05:17:37.395Z"}
error: 
    status - 500 
    message - CastError: Cast to ObjectId failed for value "alldata" (type string) at path "_id" for model "User"
    at model.Query.exec (D:\project\practice-project\node_modules\mongoose\lib\query.js:4498:21)
    at model.Query.Query.then (D:\project\practice-project\node_modules\mongoose\lib\query.js:4592:15)
    at processTicksAndRejections (node:internal/process/task_queues:96:5) 
    url - /api/v1/users/alldata 
    method - DELETE 
    IP - ::1
   {"timestamp":"2022-05-18T05:19:22.207Z"}
info: Server started at http://localhost:3000/api/v1/ {"timestamp":"2022-05-18T05:22:18.920Z"}
info: Connected to the database. {"timestamp":"2022-05-18T05:22:18.940Z"}
info: Server started at http://localhost:3000/api/v1/ {"timestamp":"2022-05-18T05:23:52.775Z"}
info: Connected to the database. {"timestamp":"2022-05-18T05:23:52.801Z"}
info: Server started at http://localhost:3000/api/v1/ {"timestamp":"2022-05-18T05:24:50.534Z"}
info: Connected to the database. {"timestamp":"2022-05-18T05:24:50.558Z"}
