info: Server started at http://localhost:3000/api/v1/ {"timestamp":"2022-05-17T03:04:28.797Z"}
info: Connected to the database. {"timestamp":"2022-05-17T03:04:28.826Z"}
info: Server started at http://localhost:3000/api/v1/ {"timestamp":"2022-05-17T03:05:40.626Z"}
info: Connected to the database. {"timestamp":"2022-05-17T03:05:40.664Z"}
info: Server started at http://localhost:3000/api/v1/ {"timestamp":"2022-05-17T03:05:49.400Z"}
info: Connected to the database. {"timestamp":"2022-05-17T03:05:49.425Z"}
info: Server started at http://localhost:3000/api/v1/ {"timestamp":"2022-05-17T03:05:55.403Z"}
info: Connected to the database. {"timestamp":"2022-05-17T03:05:55.452Z"}
info: Server started at http://localhost:3000/api/v1/ {"timestamp":"2022-05-17T03:05:59.999Z"}
info: Connected to the database. {"timestamp":"2022-05-17T03:06:00.055Z"}
info: Server started at http://localhost:3000/api/v1/ {"timestamp":"2022-05-17T03:06:04.869Z"}
info: Connected to the database. {"timestamp":"2022-05-17T03:06:04.901Z"}
info: Server started at http://localhost:3000/api/v1/ {"timestamp":"2022-05-17T03:11:41.527Z"}
info: Connected to the database. {"timestamp":"2022-05-17T03:11:41.564Z"}
info: Server started at http://localhost:3000/api/v1/ {"timestamp":"2022-05-17T03:11:51.223Z"}
info: Connected to the database. {"timestamp":"2022-05-17T03:11:51.254Z"}
info: Server started at http://localhost:3000/api/v1/ {"timestamp":"2022-05-17T03:11:59.220Z"}
info: Connected to the database. {"timestamp":"2022-05-17T03:11:59.269Z"}
info: Server started at http://localhost:3000/api/v1/ {"timestamp":"2022-05-17T03:12:07.781Z"}
info: Connected to the database. {"timestamp":"2022-05-17T03:12:07.830Z"}
info: Server started at http://localhost:3000/api/v1/ {"timestamp":"2022-05-17T03:30:09.517Z"}
info: Connected to the database. {"timestamp":"2022-05-17T03:30:09.544Z"}
info: Server started at http://localhost:3000/api/v1/ {"timestamp":"2022-05-17T03:45:19.110Z"}
info: Connected to the database. {"timestamp":"2022-05-17T03:45:19.137Z"}
info: Server started at http://localhost:3000/api/v1/ {"timestamp":"2022-05-17T03:45:35.987Z"}
info: Connected to the database. {"timestamp":"2022-05-17T03:45:36.023Z"}
info: Server started at http://localhost:3000/api/v1/ {"timestamp":"2022-05-17T03:47:32.102Z"}
info: Connected to the database. {"timestamp":"2022-05-17T03:47:32.128Z"}
info: Server started at http://localhost:3000/api/v1/ {"timestamp":"2022-05-17T03:47:42.089Z"}
info: Connected to the database. {"timestamp":"2022-05-17T03:47:42.118Z"}
info: Server started at http://localhost:3000/api/v1/ {"timestamp":"2022-05-17T09:06:17.768Z"}
info: Connected to the database. {"timestamp":"2022-05-17T09:06:17.794Z"}
info: Server started at http://localhost:3000/api/v1/ {"timestamp":"2022-05-17T09:06:54.649Z"}
info: Connected to the database. {"timestamp":"2022-05-17T09:06:54.673Z"}
info: Server started at http://localhost:3000/api/v1/ {"timestamp":"2022-05-17T09:10:09.308Z"}
info: Connected to the database. {"timestamp":"2022-05-17T09:10:09.334Z"}
info: Server started at http://localhost:3000/api/v1/ {"timestamp":"2022-05-17T09:33:05.463Z"}
info: Connected to the database. {"timestamp":"2022-05-17T09:33:05.486Z"}
info: Server started at http://localhost:3000/api/v1/ {"timestamp":"2022-05-17T09:35:59.829Z"}
info: Connected to the database. {"timestamp":"2022-05-17T09:35:59.854Z"}
error: 
    status - 500 
    message - CastError: Cast to ObjectId failed for value "getall" (type string) at path "_id" for model "User"
    at model.Query.exec (D:\project\practice-project\node_modules\mongoose\lib\query.js:4498:21)
    at model.Query.Query.then (D:\project\practice-project\node_modules\mongoose\lib\query.js:4592:15)
    at processTicksAndRejections (node:internal/process/task_queues:96:5) 
    url - /api/v1/users/getall 
    method - DELETE 
    IP - ::1
   {"timestamp":"2022-05-17T09:37:12.534Z"}
